<?xml version="1.0" encoding="UTF-8"?>
<!-- Generated by org.testng.reporters.JUnitReportReporter -->
<testsuite hostname="LAPTOP-9D5ANA3D" failures="0" tests="1" name="SPEC.RunTestCase" time="4.165" errors="0" timestamp="08 Mar 2022 05:18:56 GMT" skipped="0">
  <testcase classname="SPEC.RunTestCase" name="verify_application_launched" time="4.165"/>
</testsuite> <!-- SPEC.RunTestCase -->
